Using pre-set license
Built from '2021.1/release' branch; Version is '2021.1.1f1 (6fdc41dfa55a) revision 7330881'; Using compiler version '192528614'; Build Type 'Release'
OS: 'Windows 10 Pro; OS build 19042.928; Version 2009; 64bit' Language: 'es' Physical Memory: 8134 MB
BatchMode: 1, IsHumanControllingUs: 0, StartBugReporterOnCrash: 0, Is64bit: 1, IsPro: 0

 COMMAND LINE ARGUMENTS:
C:\Program Files\Unity\Hub\Editor\2021.1.1f1\Editor\Unity.exe
-adb2
-batchMode
-noUpm
-name
AssetImportWorker0
-projectPath
C:/Users/zero_/Documents/GitHub/unity/projectGit
-logFile
Logs/AssetImportWorker0.log
-srvPort
53247
Successfully changed project path to: C:/Users/zero_/Documents/GitHub/unity/projectGit
C:/Users/zero_/Documents/GitHub/unity/projectGit
Using Asset Import Pipeline V2.
Refreshing native plugins compatible for Editor in 86.85 ms, found 2 plugins.
Preloading 0 native plugins for Editor in 0.00 ms.
Initialize engine version: 2021.1.1f1 (6fdc41dfa55a)
[Subsystems] Discovering subsystems at path C:/Program Files/Unity/Hub/Editor/2021.1.1f1/Editor/Data/Resources/UnitySubsystems
[Subsystems] Discovering subsystems at path C:/Users/zero_/Documents/GitHub/unity/projectGit/Assets
GfxDevice: creating device client; threaded=0; jobified=0
Direct3D:
    Version:  Direct3D 11.0 [level 11.1]
    Renderer: NVIDIA GeForce GTX 1060 3GB (ID=0x1c02)
    Vendor:   NVIDIA
    VRAM:     2988 MB
    Driver:   27.21.14.6627
Initialize mono
Mono path[0] = 'C:/Program Files/Unity/Hub/Editor/2021.1.1f1/Editor/Data/Managed'
Mono path[1] = 'C:/Program Files/Unity/Hub/Editor/2021.1.1f1/Editor/Data/MonoBleedingEdge/lib/mono/unityjit'
Mono config path = 'C:/Program Files/Unity/Hub/Editor/2021.1.1f1/Editor/Data/MonoBleedingEdge/etc'
Using monoOptions --debugger-agent=transport=dt_socket,embedding=1,server=y,suspend=n,address=127.0.0.1:56000
Begin MonoManager ReloadAssembly
Registering precompiled unity dll's ...
Register platform support module: C:/Program Files/Unity/Hub/Editor/2021.1.1f1/Editor/Data/PlaybackEngines/WindowsStandaloneSupport/UnityEditor.WindowsStandalone.Extensions.dll
Registered in 0.002509 seconds.
Native extension for WindowsStandalone target not found
Refreshing native plugins compatible for Editor in 100.00 ms, found 2 plugins.
Preloading 0 native plugins for Editor in 0.00 ms.
Mono: successfully reloaded assembly
- Completed reload, in  1.867 seconds
Platform modules already initialized, skipping
Registering precompiled user dll's ...
Registered in 0.003513 seconds.
Begin MonoManager ReloadAssembly
Native extension for WindowsStandalone target not found
Refreshing native plugins compatible for Editor in 88.64 ms, found 2 plugins.
Preloading 0 native plugins for Editor in 0.00 ms.
Mono: successfully reloaded assembly
- Completed reload, in  1.154 seconds
Platform modules already initialized, skipping
========================================================================
Worker process is ready to serve import requests
Launched and connected shader compiler UnityShaderCompiler.exe after 0.06 seconds
Refreshing native plugins compatible for Editor in 0.71 ms, found 2 plugins.
Preloading 0 native plugins for Editor in 0.00 ms.
Unloading 3382 Unused Serialized files (Serialized files now loaded: 0)
System memory in use before: 128.4 MB.
System memory in use after: 128.6 MB.

Unloading 24 unused Assets to reduce memory usage. Loaded Objects now: 3842.
Total: 3.014900 ms (FindLiveObjects: 0.358000 ms CreateObjectMapping: 0.559200 ms MarkObjects: 2.013100 ms  DeleteObjects: 0.083100 ms)

========================================================================
Received Import Request.
  path: Assets/scripts/Wander.cs
  artifactKey: Guid(403de7628425425458e4c2fc359f39c5) Importer(815301076,1909f56bfc062723c751e8b465ee728b)
Start importing Assets/scripts/Wander.cs using Guid(403de7628425425458e4c2fc359f39c5) Importer(815301076,1909f56bfc062723c751e8b465ee728b)  -> (artifact id: 'a818f71962f0c8246983f3e012a3afbc') in 0.047765 seconds 
========================================================================
Received Import Request.
  Time since last request: 0.000255 seconds.
  path: Assets/scripts/NPC.cs
  artifactKey: Guid(35258b83b97da034c927b603ac11c73e) Importer(815301076,1909f56bfc062723c751e8b465ee728b)
Start importing Assets/scripts/NPC.cs using Guid(35258b83b97da034c927b603ac11c73e) Importer(815301076,1909f56bfc062723c751e8b465ee728b)  -> (artifact id: '0db95b6b55901f0e1a6ee5566cacb937') in 0.008768 seconds 
========================================================================
Received Import Request.
  Time since last request: 0.000310 seconds.
  path: Assets/scripts/Tags.cs
  artifactKey: Guid(d3eb1a66d70db7c44bb7002c3a9aa409) Importer(815301076,1909f56bfc062723c751e8b465ee728b)
Start importing Assets/scripts/Tags.cs using Guid(d3eb1a66d70db7c44bb7002c3a9aa409) Importer(815301076,1909f56bfc062723c751e8b465ee728b)  -> (artifact id: 'cd290962a2e389c6bae6b74eef64ffa5') in 0.008368 seconds 
========================================================================
Received Import Request.
  Time since last request: 27.857751 seconds.
  path: Assets/InternalAssets/Player/bGFXgW1.png
  artifactKey: Guid(db67bbbc9a46bb6409af40f09e417adc) Importer(815301076,1909f56bfc062723c751e8b465ee728b)
Start importing Assets/InternalAssets/Player/bGFXgW1.png using Guid(db67bbbc9a46bb6409af40f09e417adc) Importer(815301076,1909f56bfc062723c751e8b465ee728b)  -> (artifact id: 'd65ca36161b62f24fc9e236fa3b40c19') in 0.262061 seconds 
========================================================================
Received Import Request.
  Time since last request: 0.000286 seconds.
  path: Assets/InternalAssets/Player/Player.prefab
  artifactKey: Guid(f85f5b9e46e38b148a87a6929a35071f) Importer(815301076,1909f56bfc062723c751e8b465ee728b)
Start importing Assets/InternalAssets/Player/Player.prefab using Guid(f85f5b9e46e38b148a87a6929a35071f) Importer(815301076,1909f56bfc062723c751e8b465ee728b)  -> (artifact id: 'ceb996d664c11ecdbdb7850832841721') in 0.064816 seconds 
========================================================================
Received Import Request.
  Time since last request: 2.060675 seconds.
  path: Assets/InternalAssets/Player/Player.cs
  artifactKey: Guid(ef4c999b4d3597f43a7ebbec565a72dd) Importer(815301076,1909f56bfc062723c751e8b465ee728b)
Start importing Assets/InternalAssets/Player/Player.cs using Guid(ef4c999b4d3597f43a7ebbec565a72dd) Importer(815301076,1909f56bfc062723c751e8b465ee728b)  -> (artifact id: '19dab10fdc9ef5973855bc8d60325a62') in 0.004366 seconds 
========================================================================
Received Import Request.
  Time since last request: 326.030395 seconds.
  path: Assets/InternalAssets/Player/MOVEALPHA.cs
  artifactKey: Guid(99bcf72093d7be743a7a66998c22a53c) Importer(815301076,1909f56bfc062723c751e8b465ee728b)
Start importing Assets/InternalAssets/Player/MOVEALPHA.cs using Guid(99bcf72093d7be743a7a66998c22a53c) Importer(815301076,1909f56bfc062723c751e8b465ee728b)  -> (artifact id: '05104e69b77a870f905e359967c5095c') in 0.011908 seconds 
========================================================================
Received Import Request.
  Time since last request: 52.965827 seconds.
  path: ProjectSettings/TagManager.asset
  artifactKey: Guid(00000000000000003000000000000000) Importer(815301076,1909f56bfc062723c751e8b465ee728b)
Start importing ProjectSettings/TagManager.asset using Guid(00000000000000003000000000000000) Importer(815301076,1909f56bfc062723c751e8b465ee728b)  -> (artifact id: '69ca4d8ed9a51c6d106888e0430231ac') in 0.010701 seconds 
========================================================================
Received Prepare
Registering precompiled user dll's ...
Registered in 0.003776 seconds.
Begin MonoManager ReloadAssembly
Native extension for WindowsStandalone target not found
Refreshing native plugins compatible for Editor in 0.79 ms, found 2 plugins.
Preloading 0 native plugins for Editor in 0.00 ms.
Mono: successfully reloaded assembly
- Completed reload, in  1.317 seconds
Platform modules already initialized, skipping
Refreshing native plugins compatible for Editor in 0.61 ms, found 2 plugins.
Preloading 0 native plugins for Editor in 0.00 ms.
Unloading 3374 Unused Serialized files (Serialized files now loaded: 0)
System memory in use before: 132.1 MB.
System memory in use after: 132.4 MB.

Unloading 13 unused Assets to reduce memory usage. Loaded Objects now: 3895.
Total: 2.979000 ms (FindLiveObjects: 0.395100 ms CreateObjectMapping: 0.214100 ms MarkObjects: 2.335400 ms  DeleteObjects: 0.032800 ms)

========================================================================
Received Import Request.
  Time since last request: 59.241276 seconds.
  path: Assets/InternalAssets/Player/Player.prefab
  artifactKey: Guid(f85f5b9e46e38b148a87a6929a35071f) Importer(815301076,1909f56bfc062723c751e8b465ee728b)
Start importing Assets/InternalAssets/Player/Player.prefab using Guid(f85f5b9e46e38b148a87a6929a35071f) Importer(815301076,1909f56bfc062723c751e8b465ee728b)  -> (artifact id: 'bc2c3c2b3982fa89c5a6bc0c4971e192') in 0.059231 seconds 
========================================================================
Received Import Request.
  Time since last request: 1.388141 seconds.
  path: Assets/InternalAssets/Player/Player.prefab
  artifactKey: Guid(f85f5b9e46e38b148a87a6929a35071f) Importer(815301076,1909f56bfc062723c751e8b465ee728b)
Start importing Assets/InternalAssets/Player/Player.prefab using Guid(f85f5b9e46e38b148a87a6929a35071f) Importer(815301076,1909f56bfc062723c751e8b465ee728b)  -> (artifact id: 'e1dbaefa416ede8e84ad0b4ccf7b936c') in 0.021720 seconds 
========================================================================
Received Import Request.
  Time since last request: 19.397118 seconds.
  path: Assets/InternalAssets/Player/MOVEALPHA.cs
  artifactKey: Guid(99bcf72093d7be743a7a66998c22a53c) Importer(815301076,1909f56bfc062723c751e8b465ee728b)
Start importing Assets/InternalAssets/Player/MOVEALPHA.cs using Guid(99bcf72093d7be743a7a66998c22a53c) Importer(815301076,1909f56bfc062723c751e8b465ee728b)  -> (artifact id: '1b6e6eef186154ac62399921fbf49022') in 0.004211 seconds 
========================================================================
Received Prepare
Registering precompiled user dll's ...
Registered in 0.005469 seconds.
Begin MonoManager ReloadAssembly
Native extension for WindowsStandalone target not found
Refreshing native plugins compatible for Editor in 0.66 ms, found 2 plugins.
Preloading 0 native plugins for Editor in 0.00 ms.
Mono: successfully reloaded assembly
- Completed reload, in  1.088 seconds
Platform modules already initialized, skipping
Refreshing native plugins compatible for Editor in 1.05 ms, found 2 plugins.
Preloading 0 native plugins for Editor in 0.00 ms.
Unloading 3373 Unused Serialized files (Serialized files now loaded: 0)
System memory in use before: 132.2 MB.
System memory in use after: 132.4 MB.

Unloading 12 unused Assets to reduce memory usage. Loaded Objects now: 3900.
Total: 3.054200 ms (FindLiveObjects: 0.356200 ms CreateObjectMapping: 0.298700 ms MarkObjects: 2.379200 ms  DeleteObjects: 0.019000 ms)

========================================================================
Received Import Request.
  Time since last request: 34.478560 seconds.
  path: Assets/InternalAssets/Player/Player.prefab
  artifactKey: Guid(f85f5b9e46e38b148a87a6929a35071f) Importer(815301076,1909f56bfc062723c751e8b465ee728b)
Start importing Assets/InternalAssets/Player/Player.prefab using Guid(f85f5b9e46e38b148a87a6929a35071f) Importer(815301076,1909f56bfc062723c751e8b465ee728b)  -> (artifact id: '82e15bc539ec5c1426839d7fd6d2b0cf') in 0.063535 seconds 
========================================================================
Received Import Request.
  Time since last request: 4.119764 seconds.
  path: Assets/InternalAssets/Player/Player.prefab
  artifactKey: Guid(f85f5b9e46e38b148a87a6929a35071f) Importer(815301076,1909f56bfc062723c751e8b465ee728b)
Start importing Assets/InternalAssets/Player/Player.prefab using Guid(f85f5b9e46e38b148a87a6929a35071f) Importer(815301076,1909f56bfc062723c751e8b465ee728b)  -> (artifact id: 'e14a255e7b9c34b0dfb09f9805b5dd93') in 0.013930 seconds 
========================================================================
Received Import Request.
  Time since last request: 4.145528 seconds.
  path: Assets/InternalAssets/Player/Player.prefab
  artifactKey: Guid(f85f5b9e46e38b148a87a6929a35071f) Importer(815301076,1909f56bfc062723c751e8b465ee728b)
Start importing Assets/InternalAssets/Player/Player.prefab using Guid(f85f5b9e46e38b148a87a6929a35071f) Importer(815301076,1909f56bfc062723c751e8b465ee728b)  -> (artifact id: 'cefc5dbb2000e53fa4ffcc2d352262be') in 0.014316 seconds 
========================================================================
Received Prepare
Registering precompiled user dll's ...
Registered in 0.004581 seconds.
Begin MonoManager ReloadAssembly
Native extension for WindowsStandalone target not found
Refreshing native plugins compatible for Editor in 0.64 ms, found 2 plugins.
Preloading 0 native plugins for Editor in 0.00 ms.
Mono: successfully reloaded assembly
- Completed reload, in  1.113 seconds
Platform modules already initialized, skipping
Refreshing native plugins compatible for Editor in 0.85 ms, found 2 plugins.
Preloading 0 native plugins for Editor in 0.00 ms.
Unloading 3373 Unused Serialized files (Serialized files now loaded: 0)
System memory in use before: 132.2 MB.
System memory in use after: 132.4 MB.

Unloading 12 unused Assets to reduce memory usage. Loaded Objects now: 3905.
Total: 3.189400 ms (FindLiveObjects: 0.477700 ms CreateObjectMapping: 0.228300 ms MarkObjects: 2.458800 ms  DeleteObjects: 0.022700 ms)

========================================================================
Received Import Request.
  Time since last request: 78.775335 seconds.
  path: Assets/InternalAssets/Player/Player.prefab
  artifactKey: Guid(f85f5b9e46e38b148a87a6929a35071f) Importer(815301076,1909f56bfc062723c751e8b465ee728b)
Start importing Assets/InternalAssets/Player/Player.prefab using Guid(f85f5b9e46e38b148a87a6929a35071f) Importer(815301076,1909f56bfc062723c751e8b465ee728b)  -> (artifact id: 'bb37f3afd1d41345a5971fde2b24b07a') in 0.063476 seconds 
========================================================================
Received Import Request.
  Time since last request: 35.396292 seconds.
  path: Assets/InternalAssets/Player/Player.prefab
  artifactKey: Guid(f85f5b9e46e38b148a87a6929a35071f) Importer(815301076,1909f56bfc062723c751e8b465ee728b)
Start importing Assets/InternalAssets/Player/Player.prefab using Guid(f85f5b9e46e38b148a87a6929a35071f) Importer(815301076,1909f56bfc062723c751e8b465ee728b)  -> (artifact id: '48f3160201a28a9b559ad23177472e64') in 0.015707 seconds 
========================================================================
Received Import Request.
  Time since last request: 11.084264 seconds.
  path: Assets/InternalAssets/Player/Player.prefab
  artifactKey: Guid(f85f5b9e46e38b148a87a6929a35071f) Importer(815301076,1909f56bfc062723c751e8b465ee728b)
Start importing Assets/InternalAssets/Player/Player.prefab using Guid(f85f5b9e46e38b148a87a6929a35071f) Importer(815301076,1909f56bfc062723c751e8b465ee728b)  -> (artifact id: '1ccca8705b6302404e6bcd09f59496d5') in 0.045282 seconds 
========================================================================
Received Prepare
Registering precompiled user dll's ...
Registered in 0.003930 seconds.
Begin MonoManager ReloadAssembly
Native extension for WindowsStandalone target not found
Refreshing native plugins compatible for Editor in 0.62 ms, found 2 plugins.
Preloading 0 native plugins for Editor in 0.00 ms.
Mono: successfully reloaded assembly
- Completed reload, in  0.925 seconds
Platform modules already initialized, skipping
Refreshing native plugins compatible for Editor in 0.67 ms, found 2 plugins.
Preloading 0 native plugins for Editor in 0.00 ms.
Unloading 3373 Unused Serialized files (Serialized files now loaded: 0)
System memory in use before: 132.2 MB.
System memory in use after: 132.5 MB.

Unloading 12 unused Assets to reduce memory usage. Loaded Objects now: 3910.
Total: 2.622500 ms (FindLiveObjects: 0.448500 ms CreateObjectMapping: 0.216100 ms MarkObjects: 1.938100 ms  DeleteObjects: 0.018000 ms)

========================================================================
Received Import Request.
  Time since last request: 95.512925 seconds.
  path: Assets/InternalAssets/Generator/Generator.prefab
  artifactKey: Guid(d7d2c0d0c6907ac4a9a58da343334f80) Importer(815301076,1909f56bfc062723c751e8b465ee728b)
Start importing Assets/InternalAssets/Generator/Generator.prefab using Guid(d7d2c0d0c6907ac4a9a58da343334f80) Importer(815301076,1909f56bfc062723c751e8b465ee728b)  -> (artifact id: '036be02319b841d8a7eb6b94ac1ed8d3') in 0.033402 seconds 
========================================================================
Received Import Request.
  Time since last request: 0.000306 seconds.
  path: Assets/InternalAssets/Generator/Wall.prefab
  artifactKey: Guid(72a3eeea42fb0a3428feb3e964f47916) Importer(815301076,1909f56bfc062723c751e8b465ee728b)
Start importing Assets/InternalAssets/Generator/Wall.prefab using Guid(72a3eeea42fb0a3428feb3e964f47916) Importer(815301076,1909f56bfc062723c751e8b465ee728b)  -> (artifact id: 'ffc0569427bb348d52acda40a0326796') in 0.042251 seconds 
========================================================================
Received Import Request.
  Time since last request: 2.717140 seconds.
  path: Assets/InternalAssets/Generator/Room/RoomTemplate.prefab
  artifactKey: Guid(f0216c5e82cbafd44b29ca4ffb897776) Importer(815301076,1909f56bfc062723c751e8b465ee728b)
Start importing Assets/InternalAssets/Generator/Room/RoomTemplate.prefab using Guid(f0216c5e82cbafd44b29ca4ffb897776) Importer(815301076,1909f56bfc062723c751e8b465ee728b)  -> (artifact id: '3edb6f9fb17fe6710a68442498c7d947') in 0.009726 seconds 
========================================================================
Received Import Request.
  Time since last request: 11.274519 seconds.
  path: Assets/InternalAssets/Generator/Room/RoomSpawnBuilder.cs
  artifactKey: Guid(fbe56fbd3dea9aa4e85a101c4a21e5b0) Importer(815301076,1909f56bfc062723c751e8b465ee728b)
Start importing Assets/InternalAssets/Generator/Room/RoomSpawnBuilder.cs using Guid(fbe56fbd3dea9aa4e85a101c4a21e5b0) Importer(815301076,1909f56bfc062723c751e8b465ee728b)  -> (artifact id: '5f8858fc3837c1a01d52fcf8e5e248f5') in 0.011465 seconds 
========================================================================
Received Import Request.
  Time since last request: 0.350408 seconds.
  path: Assets/InternalAssets/Generator/Room/RoomBuilder.cs
  artifactKey: Guid(cfab8cdcd07f4804e9be99ae3acb5758) Importer(815301076,1909f56bfc062723c751e8b465ee728b)
Start importing Assets/InternalAssets/Generator/Room/RoomBuilder.cs using Guid(cfab8cdcd07f4804e9be99ae3acb5758) Importer(815301076,1909f56bfc062723c751e8b465ee728b)  -> (artifact id: '8214f203d9a7073294c1c41fa952304d') in 0.015638 seconds 
========================================================================
Received Import Request.
  Time since last request: 0.286001 seconds.
  path: Assets/InternalAssets/Generator/Room/Room.cs
  artifactKey: Guid(f135b1ba40664ee49996f925b672d348) Importer(815301076,1909f56bfc062723c751e8b465ee728b)
Start importing Assets/InternalAssets/Generator/Room/Room.cs using Guid(f135b1ba40664ee49996f925b672d348) Importer(815301076,1909f56bfc062723c751e8b465ee728b)  -> (artifact id: '47cd591fd1b0f3af026ca309e930120f') in 0.011879 seconds 
========================================================================
Received Prepare
Registering precompiled user dll's ...
Registered in 0.003387 seconds.
Begin MonoManager ReloadAssembly
Native extension for WindowsStandalone target not found
Refreshing native plugins compatible for Editor in 0.81 ms, found 2 plugins.
Preloading 0 native plugins for Editor in 0.00 ms.
Mono: successfully reloaded assembly
- Completed reload, in  1.014 seconds
Platform modules already initialized, skipping
Refreshing native plugins compatible for Editor in 0.68 ms, found 2 plugins.
Preloading 0 native plugins for Editor in 0.00 ms.
Unloading 3373 Unused Serialized files (Serialized files now loaded: 0)
System memory in use before: 132.3 MB.
System memory in use after: 132.5 MB.

Unloading 12 unused Assets to reduce memory usage. Loaded Objects now: 3916.
Total: 2.518800 ms (FindLiveObjects: 0.354500 ms CreateObjectMapping: 0.225400 ms MarkObjects: 1.918500 ms  DeleteObjects: 0.019200 ms)

========================================================================
Received Import Request.
  Time since last request: 21.032246 seconds.
  path: Assets/InternalAssets/Generator/Wall.prefab
  artifactKey: Guid(72a3eeea42fb0a3428feb3e964f47916) Importer(815301076,1909f56bfc062723c751e8b465ee728b)
Start importing Assets/InternalAssets/Generator/Wall.prefab using Guid(72a3eeea42fb0a3428feb3e964f47916) Importer(815301076,1909f56bfc062723c751e8b465ee728b)  -> (artifact id: 'bbb2d9cd42b081cbdcc1d1a0e6098e95') in 0.052546 seconds 
========================================================================
Received Prepare
Registering precompiled user dll's ...
Registered in 0.003527 seconds.
Begin MonoManager ReloadAssembly
Native extension for WindowsStandalone target not found
Refreshing native plugins compatible for Editor in 0.80 ms, found 2 plugins.
Preloading 0 native plugins for Editor in 0.00 ms.
Mono: successfully reloaded assembly
- Completed reload, in  0.942 seconds
Platform modules already initialized, skipping
Refreshing native plugins compatible for Editor in 0.68 ms, found 2 plugins.
Preloading 0 native plugins for Editor in 0.00 ms.
Unloading 3373 Unused Serialized files (Serialized files now loaded: 0)
System memory in use before: 132.3 MB.
System memory in use after: 132.5 MB.

Unloading 12 unused Assets to reduce memory usage. Loaded Objects now: 3921.
Total: 3.530600 ms (FindLiveObjects: 0.371200 ms CreateObjectMapping: 0.206100 ms MarkObjects: 2.926700 ms  DeleteObjects: 0.025100 ms)

========================================================================
Received Prepare
Registering precompiled user dll's ...
Registered in 0.003202 seconds.
Begin MonoManager ReloadAssembly
Native extension for WindowsStandalone target not found
Refreshing native plugins compatible for Editor in 0.64 ms, found 2 plugins.
Preloading 0 native plugins for Editor in 0.00 ms.
Mono: successfully reloaded assembly
- Completed reload, in  1.011 seconds
Platform modules already initialized, skipping
Refreshing native plugins compatible for Editor in 0.83 ms, found 2 plugins.
Preloading 0 native plugins for Editor in 0.00 ms.
Unloading 3373 Unused Serialized files (Serialized files now loaded: 0)
System memory in use before: 132.3 MB.
System memory in use after: 132.5 MB.

Unloading 12 unused Assets to reduce memory usage. Loaded Objects now: 3925.
Total: 3.154900 ms (FindLiveObjects: 0.272000 ms CreateObjectMapping: 0.163700 ms MarkObjects: 2.694400 ms  DeleteObjects: 0.023900 ms)

========================================================================
Received Prepare
Registering precompiled user dll's ...
Registered in 0.003470 seconds.
Begin MonoManager ReloadAssembly
Native extension for WindowsStandalone target not found
Refreshing native plugins compatible for Editor in 0.64 ms, found 2 plugins.
Preloading 0 native plugins for Editor in 0.00 ms.
Mono: successfully reloaded assembly
- Completed reload, in  0.957 seconds
Platform modules already initialized, skipping
Refreshing native plugins compatible for Editor in 0.73 ms, found 2 plugins.
Preloading 0 native plugins for Editor in 0.00 ms.
Unloading 3373 Unused Serialized files (Serialized files now loaded: 0)
System memory in use before: 132.3 MB.
System memory in use after: 132.5 MB.

Unloading 12 unused Assets to reduce memory usage. Loaded Objects now: 3929.
Total: 3.078000 ms (FindLiveObjects: 0.422500 ms CreateObjectMapping: 0.311300 ms MarkObjects: 2.309200 ms  DeleteObjects: 0.033400 ms)

========================================================================
Received Prepare
Registering precompiled user dll's ...
Registered in 0.003291 seconds.
Begin MonoManager ReloadAssembly
Native extension for WindowsStandalone target not found
Refreshing native plugins compatible for Editor in 0.75 ms, found 2 plugins.
Preloading 0 native plugins for Editor in 0.00 ms.
Mono: successfully reloaded assembly
- Completed reload, in  0.973 seconds
Platform modules already initialized, skipping
Refreshing native plugins compatible for Editor in 0.61 ms, found 2 plugins.
Preloading 0 native plugins for Editor in 0.00 ms.
Unloading 3373 Unused Serialized files (Serialized files now loaded: 0)
System memory in use before: 132.3 MB.
System memory in use after: 132.5 MB.

Unloading 12 unused Assets to reduce memory usage. Loaded Objects now: 3933.
Total: 2.759800 ms (FindLiveObjects: 0.549200 ms CreateObjectMapping: 0.279500 ms MarkObjects: 1.910000 ms  DeleteObjects: 0.019800 ms)

